<?xml version="1.0" encoding="UTF-8"?>
<testsuite name="SonataTestOne/tests" tests="15" failures="6" skipped="0" hostname="DESKTOP-5MAEPCU" time="778.656" timestamp="Fri Dec 24 05:17:03 IST 2021">
	<properties>
		<property name="excludeCallableTestCases" value="true"/>
		<property name="testEnvironment" value=""/>
		<property name="pluginOutputLevel" value="WARNING"/>
		<property name="projectPath" value=".."/>
		<property name="salesforceMetadataCache" value="Reuse"/>
		<property name="resultsPathDisposition" value="Increment"/>
		<property name="testOutputLevel" value="INFO"/>
		<property name="webBrowserType" value="Chrome"/>
		<property name="resultsPath" value="../ANT/Results"/>
		<property name="webBrowserConfiguration" value="Full Screen"/>
		<property name="projectCachePath" value="C:\Users\Dell\Provar\SonataWorkspace\SonataTestOne\ANT\..\..\.provarCaches"/>
	</properties>
	<testcase classname="tests/One\Add New Contact1.testcase" name="Add New Contact1.testcase" time="365.724">
		<failure message="Execution failed"><![CDATA[Error doing app navigation in lightning.]]></failure>
	</testcase>
	<testcase classname="tests/One\Create Record.testcase" name="Create Record.testcase" time="59.149">
	</testcase>
	<testcase classname="tests/One\OpertunityTest.testcase" name="OpertunityTest.testcase" time="7.631">
	</testcase>
	<testcase classname="tests/One\Upload File Test.testcase" name="Upload File Test.testcase" time="42.943">
	</testcase>
	<testcase classname="tests/Three\lesson1.testcase" name="lesson1.testcase" time="4.987">
	</testcase>
	<testcase classname="tests/Three\lesson2.testcase" name="lesson2.testcase" time="2.744">
	</testcase>
	<testcase classname="tests/Three\lesson3.testcase" name="lesson3.testcase" time="83.782">
		<failure message="Execution failed"><![CDATA[The control was not found.  Locator: By.xpath: //div[contains(@class,'bRelatedList') and contains(@id, '_RelatedContactList')]//input[(@type='button' or @type='submit') and (  @name='NewContact' or @name='newContact' or @name='newcontact')]]]></failure>
	</testcase>
	<testcase classname="tests/Three\lesson4.testcase" name="lesson4.testcase" time="26.707">
		<failure message="Execution failed"><![CDATA[Error opening Salesforce UI Connection.  Connection Name: Admin, cause: [WebDriverException: unknown error: cannot determine loading status
from disconnected: Unable to receive message from renderer
  (Session info: chrome=96.0.4664.110)
  (Driver info: chromedriver=95.0.4638.69 (6a1600ed572fedecd573b6c2b90a22fe6392a410-refs/branch-heads/4638@{#984}),platform=Windows NT 10.0.19044 x86_64) (WARNING: The server did not provide any stacktrace information)
Command duration or timeout: 206 milliseconds
Build info: version: 'unknown', revision: 'unknown', time: 'unknown'
System info: host: 'DESKTOP-5MAEPCU', ip: '192.168.1.71', os.name: 'Windows 10', os.arch: 'amd64', os.version: '10.0', java.version: '1.8.0_311'
Driver info: org.openqa.selenium.chrome.ChromeDriver
Capabilities [{mobileEmulationEnabled=false, timeouts={implicit=0.0, pageLoad=300000.0, script=30000.0}, hasTouchScreen=false, platform=XP, acceptSslCerts=false, goog:chromeOptions={debuggerAddress=localhost:57107}, webauthn:extension:credBlob=true, acceptInsecureCerts=false, webStorageEnabled=true, browserName=chrome, takesScreenshot=true, javascriptEnabled=true, setWindowRect=true, webauthn:extension:largeBlob=true, unexpectedAlertBehaviour=ignore, applicationCacheEnabled=false, rotatable=false, networkConnectionEnabled=false, chrome={chromedriverVersion=95.0.4638.69 (6a1600ed572fedecd573b6c2b90a22fe6392a410-refs/branch-heads/4638@{#984}), userDataDir=C:\Users\Dell\Provar\SonataWorkspace\.provarCaches\.chromeProfiles\profile0}, takesHeapSnapshot=true, pageLoadStrategy=normal, strictFileInteractability=false, databaseEnabled=false, handlesAlerts=true, version=96.0.4664.110, browserConnectionEnabled=false, proxy=Proxy(direct), nativeEvents=true, locationContextEnabled=true, cssSelectorsEnabled=true, webauthn:virtualAuthenticators=true}]
Session ID: 8a76bd995766879f8358cadb9ed64412]]]></failure>
	</testcase>
	<testcase classname="tests/Two\CallableTestCase.testcase" name="CallableTestCase.testcase" time="4.997">
	</testcase>
	<testcase classname="tests/Two\Create Oppertunity.testcase" name="Create Oppertunity.testcase" time="6.442">
	</testcase>
	<testcase classname="tests/Two\Create Test Pallete.testcase" name="Create Test Pallete.testcase" time="4.353">
		<failure message="Execution failed"><![CDATA[Test Failed]]></failure>
	</testcase>
	<testcase classname="tests/Two\CreateLead.testcase" name="CreateLead.testcase" time="45.707">
		<failure message="Execution failed"><![CDATA[Error opening Salesforce UI Connection.  Connection Name: Admin, cause: [WebDriverException: chrome not reachable
  (Session info: chrome=96.0.4664.110)
  (Driver info: chromedriver=95.0.4638.69 (6a1600ed572fedecd573b6c2b90a22fe6392a410-refs/branch-heads/4638@{#984}),platform=Windows NT 10.0.19044 x86_64) (WARNING: The server did not provide any stacktrace information)
Command duration or timeout: 12.20 seconds
Build info: version: 'unknown', revision: 'unknown', time: 'unknown'
System info: host: 'DESKTOP-5MAEPCU', ip: '192.168.1.71', os.name: 'Windows 10', os.arch: 'amd64', os.version: '10.0', java.version: '1.8.0_311'
Driver info: org.openqa.selenium.chrome.ChromeDriver
Capabilities [{mobileEmulationEnabled=false, timeouts={implicit=0.0, pageLoad=300000.0, script=30000.0}, hasTouchScreen=false, platform=XP, acceptSslCerts=false, goog:chromeOptions={debuggerAddress=localhost:57173}, webauthn:extension:credBlob=true, acceptInsecureCerts=false, webStorageEnabled=true, browserName=chrome, takesScreenshot=true, javascriptEnabled=true, setWindowRect=true, webauthn:extension:largeBlob=true, unexpectedAlertBehaviour=ignore, applicationCacheEnabled=false, rotatable=false, networkConnectionEnabled=false, chrome={chromedriverVersion=95.0.4638.69 (6a1600ed572fedecd573b6c2b90a22fe6392a410-refs/branch-heads/4638@{#984}), userDataDir=C:\Users\Dell\Provar\SonataWorkspace\.provarCaches\.chromeProfiles\profile0}, takesHeapSnapshot=true, pageLoadStrategy=normal, strictFileInteractability=false, databaseEnabled=false, handlesAlerts=true, version=96.0.4664.110, browserConnectionEnabled=false, proxy=Proxy(direct), nativeEvents=true, locationContextEnabled=true, cssSelectorsEnabled=true, webauthn:virtualAuthenticators=true}]
Session ID: 9f61d36a930fb18563ef05cecc0fdb1a]]]></failure>
	</testcase>
	<testcase classname="tests/Two\MainTestCase.testcase" name="MainTestCase.testcase" time="5.153">
	</testcase>
	<testcase classname="tests/Two\ReadDataFromExcel.testcase" name="ReadDataFromExcel.testcase" time="38.198">
		<failure message="Execution failed"><![CDATA[Error opening Salesforce UI Connection.  Connection Name: Admin, cause: [WebDriverException: chrome not reachable
  (Session info: chrome=96.0.4664.110)
  (Driver info: chromedriver=95.0.4638.69 (6a1600ed572fedecd573b6c2b90a22fe6392a410-refs/branch-heads/4638@{#984}),platform=Windows NT 10.0.19044 x86_64) (WARNING: The server did not provide any stacktrace information)
Command duration or timeout: 4.18 seconds
Build info: version: 'unknown', revision: 'unknown', time: 'unknown'
System info: host: 'DESKTOP-5MAEPCU', ip: '192.168.1.71', os.name: 'Windows 10', os.arch: 'amd64', os.version: '10.0', java.version: '1.8.0_311'
Driver info: org.openqa.selenium.chrome.ChromeDriver
Capabilities [{mobileEmulationEnabled=false, timeouts={implicit=0.0, pageLoad=300000.0, script=30000.0}, hasTouchScreen=false, platform=XP, acceptSslCerts=false, goog:chromeOptions={debuggerAddress=localhost:57247}, webauthn:extension:credBlob=true, acceptInsecureCerts=false, webStorageEnabled=true, browserName=chrome, takesScreenshot=true, javascriptEnabled=true, setWindowRect=true, webauthn:extension:largeBlob=true, unexpectedAlertBehaviour=ignore, applicationCacheEnabled=false, rotatable=false, networkConnectionEnabled=false, chrome={chromedriverVersion=95.0.4638.69 (6a1600ed572fedecd573b6c2b90a22fe6392a410-refs/branch-heads/4638@{#984}), userDataDir=C:\Users\Dell\Provar\SonataWorkspace\.provarCaches\.chromeProfiles\profile0}, takesHeapSnapshot=true, pageLoadStrategy=normal, strictFileInteractability=false, databaseEnabled=false, handlesAlerts=true, version=96.0.4664.110, browserConnectionEnabled=false, proxy=Proxy(direct), nativeEvents=true, locationContextEnabled=true, cssSelectorsEnabled=true, webauthn:virtualAuthenticators=true}]
Session ID: 6d40d8951ad216be4543ff95288429e3]]]></failure>
	</testcase>
	<testcase classname="tests/four\WebServiceTest.testcase" name="WebServiceTest.testcase" time="0.004">
	</testcase>
</testsuite>
